<?xml version="1.0" encoding="UTF-8" standalone="no"?><testsuite errors="1" failures="0" name="yo como usuario de netflix deseo ingresar con credenciales correctas e imprimir titulo" skipped="0" tests="1" time="171.48" timestamp="2023-08-07 10:32:40"><testcase name="Login exitoso en netflix"><error message="Expected condition failed: waiting for Expecting element is displayed: By.xpath: //span[@class='default-ltr-cache-1qwdmuy'] (tried for 10 second(s) with 50 milliseconds interval)&#10;Build info: version: '4.4.0', revision: 'e5c75ed026a'&#10;System info: host: 'EDWINCHAVARRO', ip: '192.168.43.86', os.name: 'Windows 10', os.arch: 'amd64', os.version: '10.0', java.version: '15.0.2'&#10;Driver info: driver.version: unknown" type="org.openqa.selenium.TimeoutException">Expected condition failed: waiting for Expecting element is displayed: By.xpath: //span[@class='default-ltr-cache-1qwdmuy'] (tried for 10 second(s) with 50 milliseconds interval)
Build info: version: '4.4.0', revision: 'e5c75ed026a'
System info: host: 'EDWINCHAVARRO', ip: '192.168.43.86', os.name: 'Windows 10', os.arch: 'amd64', os.version: '10.0', java.version: '15.0.2'
Driver info: driver.version: unknown</error><system-err>Expected condition failed: waiting for Expecting element is displayed: By.xpath: //span[@class='default-ltr-cache-1qwdmuy'] (tried for 10 second(s) with 50 milliseconds interval)
Build info: version: '4.4.0', revision: 'e5c75ed026a'
System info: host: 'EDWINCHAVARRO', ip: '192.168.43.86', os.name: 'Windows 10', os.arch: 'amd64', os.version: '10.0', java.version: '15.0.2'
Driver info: driver.version: unknown&#13;
Question.ValidoLogin.answeredBy(ValidoLogin.java:12)&#13;
Question.ValidoLogin.answeredBy(ValidoLogin.java:8)&#13;
StepDefinitions.LoginStepDefinitions.validoLoginExitosoEImprimoTitulo(LoginStepDefinitions.java:24)&#13;
io.cucumber.java.Invoker.doInvoke(Invoker.java:66)&#13;
io.cucumber.java.Invoker.invoke(Invoker.java:24)&#13;
io.cucumber.java.AbstractGlueDefinition.invokeMethod(AbstractGlueDefinition.java:47)&#13;
io.cucumber.java.JavaStepDefinition.execute(JavaStepDefinition.java:29)&#13;
io.cucumber.core.runner.CoreStepDefinition.execute(CoreStepDefinition.java:66)&#13;
io.cucumber.core.runner.PickleStepDefinitionMatch.runStep(PickleStepDefinitionMatch.java:63)&#13;
io.cucumber.core.runner.TestStep.executeStep(TestStep.java:85)&#13;
io.cucumber.core.runner.TestStep.run(TestStep.java:57)&#13;
io.cucumber.core.runner.PickleStepTestStep.run(PickleStepTestStep.java:51)&#13;
io.cucumber.core.runner.TestCase.run(TestCase.java:84)&#13;
io.cucumber.core.runner.Runner.runPickle(Runner.java:75)&#13;
io.cucumber.core.runtime.CucumberExecutionContext.lambda$runTestCase$5(CucumberExecutionContext.java:129)&#13;
io.cucumber.core.runtime.RethrowingThrowableCollector.executeAndThrow(RethrowingThrowableCollector.java:23)&#13;
io.cucumber.core.runtime.CucumberExecutionContext.runTestCase(CucumberExecutionContext.java:129)&#13;
io.cucumber.junit.FeatureRunner.runChild(FeatureRunner.java:144)&#13;
io.cucumber.junit.FeatureRunner.runChild(FeatureRunner.java:28)&#13;
io.cucumber.junit.FeatureRunner.run(FeatureRunner.java:137)&#13;
io.cucumber.junit.CucumberSerenityRunner.runChild(CucumberSerenityRunner.java:259)&#13;
io.cucumber.junit.CucumberSerenityRunner.runChild(CucumberSerenityRunner.java:59)&#13;
</system-err></testcase></testsuite>